2023/12/02 16:27:40 [notice] 1#1: using the "epoll" event method
2023/12/02 16:27:40 [notice] 1#1: nginx/1.21.5
2023/12/02 16:27:40 [notice] 1#1: built by gcc 10.2.1 20210110 (Debian 10.2.1-6) 
2023/12/02 16:27:40 [notice] 1#1: OS: Linux 5.10.16.3-microsoft-standard-WSL2
2023/12/02 16:27:40 [notice] 1#1: getrlimit(RLIMIT_NOFILE): 1048576:1048576
2023/12/02 16:27:40 [notice] 1#1: start worker processes
2023/12/02 16:27:40 [notice] 1#1: start worker process 24
2023/12/02 16:27:40 [notice] 1#1: start worker process 25
2023/12/02 16:27:40 [notice] 1#1: start worker process 26
2023/12/02 16:27:40 [notice] 1#1: start worker process 27
2023/12/02 16:27:40 [notice] 1#1: start worker process 28
2023/12/02 16:27:40 [notice] 1#1: start worker process 29
2023/12/02 16:27:40 [notice] 1#1: start worker process 30
2023/12/02 16:27:40 [notice] 1#1: start worker process 31
2023/12/02 16:27:40 [notice] 1#1: start worker process 32
2023/12/02 16:27:40 [notice] 1#1: start worker process 33
2023/12/02 16:27:40 [notice] 1#1: start worker process 34
2023/12/02 16:27:40 [notice] 1#1: start worker process 35
2023/12/02 16:27:40 [notice] 1#1: start worker process 36
2023/12/02 16:27:40 [notice] 1#1: start worker process 37
2023/12/02 16:27:40 [notice] 1#1: start worker process 38
2023/12/02 16:27:40 [notice] 1#1: start worker process 39
2023/12/02 16:29:16 [error] 24#24: *5 open() "/usr/share/nginx/html/favicon.ico" failed (2: No such file or directory), client: 172.17.0.1, server: localhost, request: "GET /favicon.ico HTTP/1.1", host: "localhost", referrer: "http://localhost/"
2023/12/03 15:24:40 [notice] 1#1: using the "epoll" event method
2023/12/03 15:24:40 [notice] 1#1: nginx/1.21.5
2023/12/03 15:24:40 [notice] 1#1: built by gcc 10.2.1 20210110 (Debian 10.2.1-6) 
2023/12/03 15:24:40 [notice] 1#1: OS: Linux 5.10.16.3-microsoft-standard-WSL2
2023/12/03 15:24:40 [notice] 1#1: getrlimit(RLIMIT_NOFILE): 1048576:1048576
2023/12/03 15:24:40 [notice] 1#1: start worker processes
2023/12/03 15:24:40 [notice] 1#1: start worker process 24
2023/12/03 15:24:40 [notice] 1#1: start worker process 25
2023/12/03 15:24:40 [notice] 1#1: start worker process 26
2023/12/03 15:24:40 [notice] 1#1: start worker process 27
2023/12/03 15:24:40 [notice] 1#1: start worker process 28
2023/12/03 15:24:40 [notice] 1#1: start worker process 29
2023/12/03 15:24:40 [notice] 1#1: start worker process 30
2023/12/03 15:24:40 [notice] 1#1: start worker process 31
2023/12/03 15:24:40 [notice] 1#1: start worker process 32
2023/12/03 15:24:40 [notice] 1#1: start worker process 33
2023/12/03 15:24:40 [notice] 1#1: start worker process 34
2023/12/03 15:24:40 [notice] 1#1: start worker process 35
2023/12/03 15:24:40 [notice] 1#1: start worker process 36
2023/12/03 15:24:40 [notice] 1#1: start worker process 37
2023/12/03 15:24:40 [notice] 1#1: start worker process 38
2023/12/03 15:24:40 [notice] 1#1: start worker process 39
2023/12/03 15:27:54 [error] 24#24: *1 open() "/usr/share/nginx/html/favicon.ico" failed (2: No such file or directory), client: 172.17.0.1, server: localhost, request: "GET /favicon.ico HTTP/1.1", host: "localhost", referrer: "http://localhost/"
